2020-10-19 10:20:20.076 [main] DEBUG by.praded.ConsoleLog - Testing debug.
2020-10-19 10:20:20.091 [main] ERROR by.praded.ConsoleLog - Testing error.
2020-10-19 10:20:20.091 [main] INFO  by.praded.ConsoleLog - Testing info.
2020-10-19 10:20:20.091 [main] FATAL by.praded.ConsoleLog - Testing fatal.
2020-10-19 10:20:20.092 [main] WARN  by.praded.ConsoleLog - Testing warn.
2020-10-19 10:22:03.829 [main] DEBUG by.praded.ConsoleLog - Testing debug.
2020-10-19 10:22:03.841 [main] ERROR by.praded.ConsoleLog - Testing error.
2020-10-19 10:22:03.841 [main] INFO  by.praded.ConsoleLog - Testing info.
2020-10-19 10:22:03.842 [main] FATAL by.praded.ConsoleLog - Testing fatal.
2020-10-19 10:22:03.842 [main] WARN  by.praded.ConsoleLog - Testing warn.
2020-10-21 11:35:23.172 [main] DEBUG by.praded.ConsoleLog - Testing debug.
2020-10-21 11:35:23.191 [main] ERROR by.praded.ConsoleLog - Testing error.
2020-10-21 11:35:23.191 [main] INFO  by.praded.ConsoleLog - Testing info.
2020-10-21 11:35:23.191 [main] FATAL by.praded.ConsoleLog - Testing fatal.
2020-10-21 11:35:23.192 [main] WARN  by.praded.ConsoleLog - Testing warn.
2020-10-21 11:36:10.651 [main] DEBUG by.praded.FileLog - Testing debug.
2020-10-21 11:36:10.668 [main] ERROR by.praded.FileLog - Testing error.
2020-10-21 11:36:10.668 [main] INFO  by.praded.FileLog - Testing info.
2020-10-21 11:36:10.668 [main] FATAL by.praded.FileLog - Testing fatal.
2020-10-21 11:36:10.669 [main] WARN  by.praded.FileLog - Testing warn.
